0	Gets the effective converter map .
1	Extends a packed array to the specified dimension .
2	Deserialize offset map .
3	Add a PacketInterceptor .
4	Calculates the character count for a given integer value .
5	Checks if is active .
6	Check if the passed column is a key column
7	Get all clusters owned by the given server name .
8	Merge sort .
9	Runs the driver .
10	Invalidates all cached JWT contexts for the given predicate .
11	Attaches a timer with the given ID .
12	Allocate char buffer .
13	Write the XML document to the output stream .
14	Get the ActivityContextInterface for the given activity .
15	Get the prefix of a fully qualified class .
16	Returns true if start is inside string
17	Http HEAD request
18	Get default values from a schema .
19	Add transform transformations .
20	Executes the diff
21	Validate the picture .
22	Initialize the TDS .
23	Deletes a security permission .
24	Convert text to RTF format
25	Extracts the validator meta data .
26	Returns the value of the named attribute .
27	Returns the child class of the given instance .
28	Write bytes to the output stream .
29	Add a query parameter to the URL .
30	Draws a tile at the specified coordinates .
31	Closes the connector .
32	Returns true if the class is a system class .
33	Convert value to target type .
34	Returns the package name of an object .
35	Add a parameter to the template .
36	Returns a generic usage parameter set for a SbbEntity .
37	Returns the extra meta data as a Map .
38	Read more bytes from the input stream
39	Loads the data .
40	Use the specified profile .
41	Returns the set of edge vertices that correspond to the given vertex .
42	Returns the next item in the list .
43	Skip whitespace characters .
44	Parses an int from the buffer .
45	Copies the ins from old to new .
46	Sets the style for a feature table .
47	setter for id - sets
48	Get the status of a job .
49	Returns an empty tree map .
50	Returns the token as JSON .
51	Sets the value of the component ID property .
52	Convert a DataRoot to a DataRoot
53	Perform version control .
54	Checks if there is any collections in the given dataset .
55	Checks if the stream exists .
56	Register the madvoc .
57	Creates a URL stream handler .
58	Writes the content to the output stream .
59	Read a double from the byte array .
60	Checks that component dependencies are available .
61	Get the configuration object for the given configuration class .
62	Get list of nodes with status
63	Execute the command .
64	Invokes the method handle .
65	Sets the footer of the sheet configuration .
66	Convert array type .
67	Emits a field instruction .
68	Add a vertex to the graph .
69	Returns true if the name is empty .
70	Returns true if the interceptor class has a scope annotation .
71	Returns the index of the specified key in the map .
72	Creates a filter to log responses to the given output stream .
73	Deserialize an object from a file .
74	Populate the geometry metadata .
75	Converts an object to a single collection .
76	Commits the last committed offset .
77	Perform additional read .
78	Throws an event if the profile was updated .
79	returns the index of the first occurence
80	Pushes a reference to the stack .
81	Adds a constant name and descriptor .
82	Read the top level header from the file .
83	Decodes base58 - encoded string .
84	Gets the principal property .
85	Generate a new token string
86	Get strings from a delimited string
87	Creates a forward forward path .
88	Sets the value of the itinerary type .
89	Returns a new locator for the given resource and label .
90	Get the stack trace of the given Thread .
91	Pick up a build date .
92	Creates a new bean instance .
93	Merge set .
94	Read parameters .
95	Get the current transaction
96	Invoke a custom tag handler .
97	Write input stream to output stream .
98	Sets the presence .
99	Sets cell value .
100	Cache result set .
101	Calculates the maximum number of columns .
102	Parse remote IP address .
103	Creates the working directory if necessary .
104	Returns true if the given edge is in the graph
105	Add a property injection point .
106	Compute hash table size .
107	Add the parent join record to the current table .
108	Gets activeMQ server name .
109	Create array property .
110	Get the coordinate type
111	Converts a string to a key safe key safe key .
112	Recursively convert the members of a StructureDescriptor to a nested structure
113	Convert a boolean value to a MultiTypeData .
114	Looks up a path alias .
115	Applies the default header .
116	Returns all values with the given name .
117	Refresh the entity
118	Extract the meta tags from the document
119	Gets a Queue backed by the given Queue .
120	Gets the value of the valuelist property .
121	Restores all tables from a CSV file .
122	getter for occurrences - gets
123	Write a number .
124	Removes the given state from the state .
125	Calculates the sum of the element size .
126	Get the list of group names
127	method to get all polymer and group ids
128	Find the next character in the given string .
129	Checks if the cluster members have been reached .
130	detail of error message
131	Resolve an external system identifier .
132	Iterate over all beans of the specified type .
133	Query by bounding box
134	Add all elements in the given array to this list .
135	Get FactSheet List
136	Looks up the cache by name .
137	Sets the value of the erdwwaerme property .
138	Determine vocab for a mixin .
139	Returns the default icon reference .
140	Adds a factor factor .
141	Get the size of a file .
142	Returns a list of all transactions in the address .
143	Checks if the given class is equal to the given interface .
144	Perform postParse steps .
145	Upgrade the pipeline if necessary .
146	Removes all queued events for the specified device .
147	Attaches this servlet to this request .
148	Extracts the primary key for an object .
149	Removes a listener for a specific property .
150	Skip specified number of bytes .
151	Convert a POI cell .
152	Rounds a number to a power of 2 .
153	Registers a resource adapter deployment .
154	Returns true if there are more characters .
155	Find a variable with the given attribute name and attribute value .
156	Recursive tree .
157	Converts a text value to the specified type .
158	Initialize this message .
159	Put a column in the matrix
160	Add a throwable to the stack .
161	Gets the value of the vermarktings property .
162	Create a new resource change handler .
163	Get an instance of RegExpand with duration time coverage
164	Get data iterator for a station .
165	Find all files .
166	Checks if changes to the changes container .
167	Concatenates an Iterable into a Flowable .
168	Sends the handshake .
169	Set the fetch plan
170	Sets the value of the city property .
171	Adds all of the specified attributes .
172	Get the resource as stream .
173	Replaces all occurrences of a string with the given character .
174	getter for depLabel - gets
175	Register an event ID .
176	Add a long or double .
177	Initialize the matching decision trees .
178	Evaluates the given source and returns the result .
179	Writes a string to a StringWriter .
180	Returns true if the boxA is contained in the boxA .
181	Method to migrate generic transport .
182	Analyze the structure and create the structure
183	Create a custom response handler for the service .
184	Gets the value of the objCategory property .
185	Validate group ID
186	Tries to convert an observable to a scalar .
187	New input stream input stream .
188	Attempt to retry timer .
189	Sets the headers .
190	Write a single data page .
191	Gets the pojo setter .
192	Parse the response .
193	Returns the resource as a stream .
194	Exports this object to a map
195	Renders the view .
196	Saves the persistence provider adaptor for the current deployment .
197	Removes the specified field from this record .
198	Returns the request string for the given request .
199	Converts a character to a MultiTypeData object .
200	Convert a string to a value .
201	Get the locators .
202	Adds all keys to the map .
203	Add a constant or invoke dynamic reference .
204	Add cache dependencies to the cache .
205	Bulk update .
206	Returns an array of distinct prime factors for the specified pn .
207	Add a named naming listener .
208	Schedules pruning .
209	set the count
210	Sets the netcdf file .
211	Attaches a timer to the cache .
212	Verify and create temporary tables .
213	Pop the run as identity .
214	Apply the given column name to the column name .
215	Consumes a comment token .
216	Creates an inheritance link for the given concrete class .
217	Gets the supported codecs .
218	Returns the HELM2 version of the HELM2 .
219	Returns a binary search for elements in the given list .
220	Creates a new entry .
221	Prints usage information for a command .
222	Clears the grid
223	Uri Encode a prefix .
224	Transform a segment of points .
225	Validates the given target object against the given target object .
226	Convert absolute path to relative path .
227	Encodes a frame into the image .
228	Delete global attribute .
229	Creates a recovery plan .
230	Returns the component view .
231	Parse the input source and return the root Element .
232	Returns a default instance with default parameters .
233	Returns the array of azimuths .
234	Fetch all data from the bucket .
235	Returns an iterator of all system properties .
236	On decora tag .
237	Extracts the symbolic name of a plugin .
238	Returns the host URL .
239	Moves the profile to the write mode .
240	Clears the bundle files .
241	Sets a page attribute .
242	Writes the vendor data to the output stream .
243	Create a new multicast processor .
244	Find a coordinate transform by name
245	Increases the size of the map .
246	Checks if cglib is compatible with cglib .
247	Executes a DELETE request .
248	Join a list of strings
249	Awaits a work queue to see if it is a work queue .
	