0	Returns the effective converter map .
1	Add a stagger to an array .
2	Deserialize an offset map from a JSON string .
3	Adds a packet interceptor .
4	Returns the number of characters in a decimal value .
5	Checks if the given counter is active .
6	Check if the passed column ID is a key column .
7	Get the cluster names owned by this node .
8	Merges the elements in the specified range using the specified comparator .
9	Main entry point for the driver .
10	Invalidate all JWTs that match the given predicate .
11	Attach a timer to this node .
12	Allocate a char buffer .
13	Write a NetcdfDataset to an output stream .
14	Returns the ActivityContextInterface associated with the given activity object .
15	Returns the prefix of the given fully qualified name .
16	Checks if a string is inside of another string .
17	Creates a HEAD request with the specified destination .
18	Get the default values for the given schema .
19	Add the transformations to the resource transformation description .
20	Performs a diff operation on a list of variables
21	Validates the given media picture .
22	This method should only be called once .
23	Delete a permission .
24	Convert the specified text to the specified RT format .
25	Extract the validator meta data for the given property .
26	Pull the value of a named attribute from a node .
27	Returns the child class of the given class .
28	Write bytes to the output stream .
29	Add a query parameter .
30	Draw a tile .
31	Clean up all resources .
32	Checks if the given name is a system class .
33	Convert the given value to the given type .
34	Returns the package name of the given object .
35	Add a parameter template .
36	Get the SbbUsageParameterSet for the given SbbEntity .
37	Returns the extra meta data for this object .
38	Reads more bytes from the input stream .
39	Load data from the input stream .
40	Use the specified profile .
41	Returns the inward edge vertices for the given vertex .
42	Removes all items from the queue .
43	Skips white space characters .
44	Parses a string into an integer .
45	Copies all the inchains from old to newState .
46	Sets the styles and icons for a feature .
47	setter for id - sets
48	Get the status of a job .
49	Creates a new empty map with the specified comparator .
50	Gets the token as json .
51	Sets the value of this property to the specified text .
52	Convert a DataRootExt to a DataRoot .
53	Method versionControl .
54	Checks if there are any collections in a dataset .
55	Checks if the given Kinesis stream exists .
56	Register the Madvoc components .
57	Creates a URLStreamHandler for the given protocol .
58	Send the content to the output stream .
59	Grab a double from a byte array .
60	Check the dependencies of the slee component .
61	Gets the configuration for the given configuration class .
62	Returns the number of nodes with the given status .
63	Execute the add property operation .
64	Invokes the given method on the given proxy .
65	Set footer of sheet configuration .
66	Convert an array type to a group type .
67	Emit a field instruction .
68	Adds a vertex to the graph .
69	Returns true if the given name is empty .
70	Checks if the interceptor class has a scope annotation .
71	Returns the index of the specified key .
72	Logs the response to if the response matches the matcher .
73	Deserialize a JSON document from a file .
74	Populate the geometry metadata .
75	Converts an object to a single element collection .
76	Commit the batch .
77	Do additional read .
78	Fires a profile added or updated event if the profile is dirty .
79	Returns the index of the first occurrence of want .
80	Push a variable reference .
81	Adds a constant to the constant pool .
82	Read the top pidd .
83	Decodes a base58 string into a byte array .
84	Returns the principal of the current user .
85	Generate the token string .
86	Converts a string to an array of Strings using the specified delimiter .
87	Creates a new forward path from the given path .
88	Sets the value of the zimmertyp property .
89	Creates a locator for the given resource URL and label .
90	Get the stack trace of a thread .
91	Gets the build reference date .
92	Creates a new bean instance .
93	Merges two sets .
94	Read parameters from server configuration .
95	Get the transaction graph .
96	Invoke the tag plugin .
97	Write an input stream to an output stream .
98	Sets the presence of this Vague .
99	Sets the numeric value of a cell .
100	Caches the result set entities .
101	Calculates the number of columns .
102	Parse the remote IP .
103	Ensures that the working directory exists and is a directory .
104	Returns true if this edge has the given edge .
105	Add a property injection point .
106	Returns the number of elements in the hash table .
107	Add a parent join to the table .
108	Returns the activeMQ server name .
109	Creates the array properties .
110	Returns the coordinate type of the dataset .
111	Converts a URL safe key to a datastore key .
112	Convert the members of a StructureMembers object .
113	Converts a boolean into a MultiTypeData object .
114	Lookup an alias .
115	Apply the default log header to the term buffer .
116	Returns all values with the given name .
117	If the entity type is the same as the endpoint type then refresh the entity .
118	Extract meta tags from a document fragment .
119	Creates a transactional copy of the given queue .
120	Gets the value of the valuelist property .
121	Restores all tables from a CSV file .
122	getter for occurrences - gets
123	Write a JSON integer .
124	Frees a state .
125	Calculates the element size .
126	Gets the group names .
127	method to get the polymer and grouping IDs
128	Returns the index of the first occurrence of the first occurrence of the specified separator or - 1 if there is no such occurrence .
129	Checks if the cluster members have voters at the given position .
130	Return the detail error message for a response command .
131	Resolve an external system .
132	Iterate over all beans of the given type and invoke the given consumer .
133	Query for features within a bounding box using a projection .
134	Adds all elements in the given array to this array .
135	Get FactSheetList
136	Lookup a node by its name .
137	Sets the value of the erdwaerme property .
138	Get the vocabulary for the given bean .
139	Returns the default icon reference .
140	Adds a new condition factor .
141	Returns the size of the given file .
142	Get a list of transactions for the given address .
143	Checks if classOrInterfaceWithInterfaces implements interfaceSearched .
144	Post parse the persistence units .
145	Upgrade the given pipeline configuration if necessary .
146	Sweep the tail of the queue of command lanes .
147	Attach the request to the response .
148	Extract the primary key from the given object .
149	Remove a property change listener .
150	Skip n bytes from the input stream .
151	Convert a cell to a faces cell .
152	Round up to power of 2 .
153	Register a resource adapter deployment .
154	Returns true if there are no more characters in the input .
155	Finds a variable with the given name and value .
156	Create a tree item for the given FQDNNode .
157	Convert a text value to a primitive type .
158	Initializes the detail and summary messages .
159	Put a column in this matrix
160	Add a throwable to the list of listeners .
161	Gets the value of the vermarktungsart property .
162	Creates a new resource change handler .
163	Creates a new instance of RegExpAndDurationTimeCoverageEnhancer that matches the specified pattern on the dataset path .
164	Gets the data iterator for a given station .
165	Finds all files in the directory .
166	Checks if the changes are filled up to the given page index .
167	Concatenates the contents of this flowable by applying the provided function to each element of this flowable .
168	Sends a handshake to the server .
169	Sets the fetch plan .
170	Sets the value of the city property .
171	Add all attributes from an iterable .
172	Returns an input stream for the specified resource .
173	Replaces all occurrences of the specified character with the specified replacement character .
174	getter for depLabel - gets
175	Registers an event ID .
176	Adds a constant long or double .
177	Initialize the lookup table .
178	Evaluate the given reader and return the result .
179	Write the given value to the given writer .
180	Returns true if boxA is contained in boxB .
181	Migrate the generic transport factory to the new one .
182	Analyze the data set for the specified feature type .
183	Gets the response handler .
184	Gets the value of the objektKategorie2 property .
185	Checks if the group id is valid .
186	Try to map an ObservableSource to an ObservableSource .
187	Creates and returns an input stream for reading the body of the entry .
188	Attempt to retry the timer if it is active .
189	Sets the headers for the given email .
190	Write a data page .
191	Returns the Pojo setter for the given field .
192	Parses the response and returns the record .
193	Returns an input stream for the specified resource .
194	Export the queue and playback modes .
195	Render the view .
196	Save per deployment shared persistence provider adaptor .
197	Removes a property from this vertex .
198	Gets the request string .
199	Gets the MultiTypeData for the given char .
200	Make a value from a string .
201	Returns a set of all the locators for the given execution context .
202	Adds all entries from the given map to this map .
203	Adds a constant dynamic or invoke dynamic reference .
204	Add cache dependencies .
205	Performs a bulk operation on the database .
206	Returns an array of the factors of the given number .
207	Add a listener to a target scope .
208	Schedules the prune task to be executed after the specified delay .
209	Sets the count .
210	Set the NetcdfFile .
211	Attach a timer to the cache .
212	Verify and create temp tables .
213	Pop the RunAs identity from the given SecurityContext .
214	Convert the given column name to the property name .
215	Consume comment tokens .
216	Creates an inheritance link between the concrete class and the super class .
217	Returns a list of all the supported codecs .
218	Returns the HELM2 representation of this molecule .
219	Creates a binary search for the specified list .
220	Creates the entry map .
221	Prints the command line usage .
222	Removes all elements from the grid .
223	URL - encode a file prefix .
224	Transforms a set of points into a set of points .
225	Validates the given validation context against the target object .
226	Convert absolute path to relative path .
227	Encode a P frame .
228	Delete a global attribute .
229	Creates a recovery plan .
230	Gets the component view .
231	Parses the given InputSource and returns the root element .
232	Creates a default PnSignalingParams instance .
233	Gets the azimuths of all the rays .
234	Find all data from the bucket .
235	Returns an iterator over the property names .
236	On decora tag .
237	Extract the symbolic name from the given jar file .
238	Returns the host url .
239	Change the state to read - write .
240	Deletes all the bundle files in the stapler folder .
241	Sets the specified attribute on the page context .
242	Serialize a VendorData object .
243	Creates a new unicast processor .
244	Find a coordinate transform by its name .
245	Enlarges the map .
246	Checks if the given class loader has the same version of cglib .
247	Performs a DELETE request on the given URI .
248	Joins a list of strings into a comma separated list .
249	Wait for a work to complete .
