0	Gets the effective converter map .
1	Adds a single dimension to an array .
2	Deserialize offset map .
3	Adds a packet interceptor .
4	Returns the character count for a decimal value .
5	Check if a counter is active .
6	Check if the passed column ID is a key column .
7	Get all clusters owned by this server .
8	Performs a merge sort .
9	Starts the application .
10	Invalidates all cached tokens that match the given predicate .
11	Attaches a timer .
12	Allocate char buffer .
13	Writes an XML document .
14	Returns the activity context for the given activity .
15	Returns the fully qualified name without the namespace .
16	Checks if a string is inside of another string
17	Start a HEAD request .
18	Gets the default values of a schema .
19	Add transformations to the attribute builder .
20	Get the difference between the inputs
21	Validates the given media picture .
22	Initializes the servlet .
23	Delete a contact permission .
24	Convert text to RTHtml
25	Extracts the validator meta - data from the given class and property .
26	Pull an attribute from a node .
27	Returns the child class of the given instance .
28	Write bytes to the output stream .
29	Add a query parameter to the URL .
30	Draw a tile at the specified coordinates
31	Closes the oos .
32	Determine if the given class is a system class .
33	Convert value to target type .
34	Returns the package name of the given object .
35	Adds a parameter template .
36	Get a ServiceUsageParameterSet by name .
37	To extra meta data .
38	Read more bytes .
39	Loads the data .
40	Enable a profile .
41	Get the outgoing edges of a vertex .
42	Polls the queue for data .
43	Skip all whitespace characters .
44	Parse a string into an integer .
45	Copy the ins from old to new state .
46	Sets the style for a feature .
47	setter for id - sets
48	Get the status of a job .
49	Returns an empty PersistentTreeMap .
50	Returns the token as a JSON object .
51	Sets the component ID as text .
52	Convert to DataRoot
53	Performs version control .
54	Returns true if the given dataset contains collections .
55	Check if stream exists .
56	Register the madvoc webapp components .
57	Create a handler for the given protocol .
58	Send the content to the output stream .
59	Reads a double from the byte array
60	Check the dependencies of a component .
61	Get a configuration object from the service path .
62	Returns the number of nodes with the given status
63	Execute the command
64	Invoke a method on a proxy .
65	Sets the footer of a sheet configuration .
66	Convert array type .
67	Generates a field instruction .
68	Add a vertex to the graph .
69	Check if the name is empty .
70	Checks if the given class has a scope annotation .
71	Returns the index of the specified key .
72	Logs the response to the given stream if matches the given matcher .
73	Deserialize a file
74	Populate the geometry metadata .
75	Converts an object to a collection .
76	Commits the last committed offset .
77	Do additional read .
78	Fires an add or updated event if needed
79	Find the index of an element in the array .
80	Pushes a variable reference to the value stack .
81	Adds a constant name and type to the constant pool .
82	Read in the top of the NEXRAD file .
83	Decode a Base58 encoded ASCII string to a byte array .
84	Gets the principal .
85	Generate token string
86	Returns an array of Strings from the given string
87	Creates a new forward path from the given path .
88	Sets the value of the zimmer typ property .
89	Create a new locator .
90	Get the stack trace of a thread .
91	Determine the build date .
92	Creates a new bean instance .
93	Merge two sets .
94	Read parameters .
95	Get a transaction graph
96	Invoke a tag plugin .
97	Write an input stream to an output stream .
98	Sets whether the preference is present .
99	Sets a numeric cell value .
100	Cache result set entities .
101	Calculates the number of columns .
102	Parse the remote IP address .
103	Ensures that the working directory exists .
104	Returns true if this node has the given edge .
105	Adds a property injection point .
106	Returns the size of a hash table .
107	Add parent join .
108	Returns the activeMQ server name .
109	Creates the array properties .
110	Get the coordinate type .
111	Parses an URL safe key .
112	convert member info
113	Get the multi type data for a boolean .
114	Lookup an alias .
115	Applies the default header .
116	Returns all the values for the given name .
117	Handles entity events .
118	Extract meta tags .
119	Gets transactional queue .
120	Gets the value of the valuelist property .
121	Restore all tables from CSV .
122	getter for occurrences - gets
123	Write a long as a JSON number .
124	Free a state .
125	Calculates the total size of this variable .
126	Gets the group names .
127	Gets the polymer and grouping IDs
128	Find next separator
129	Check if voters have reached position .
130	detail error msg
131	Resolve an external system .
132	Iterate over beans of the specified type .
133	Query for features within the bounding box
134	Adds all elements from a JsonArray to this JsonArray .
135	Get all fact sheets
136	Lookup a node by its name .
137	Sets the value of the erdwaerme property .
138	Determine the vocab for the given bean .
139	Returns the default icon ref .
140	Add a condition factor .
141	Returns the size of the specified file .
142	Get a list of transactions for an address
143	Check if the given interface is in the given class or interface .
144	Post parse steps .
145	Performs the upgrade if necessary .
146	Removes events from tail .
147	Attaches the request to the servlet .
148	Extract the primary key from the object
149	Removes a property change listener .
150	Skip n bytes .
151	Convert a cell to a FCell
152	Round up to power of 2 .
153	Register a resource adapter deployment
154	Returns true if there are no more characters .
155	Find a variable in a structure with the specified attribute value .
156	Do the tree walk .
157	Converts a string value to an object .
158	Initializes the message .
159	Put a column
160	Add a throwable .
161	Gets the value of the vermarktungsart property .
162	Create a resource change handler .
163	Get instance to match on dataset path .
164	Returns a data iterator for the given station .
165	Find all files .
166	Check if changes are filled up to the given page .
167	Concatenate an iterable over a sequence of values .
168	Sends the handshake .
169	Sets the fetch plan .
170	Sets the value of the city property .
171	Adds all the given attributes .
172	Gets the resource as stream .
173	Replaces all occurrences of out with out .
174	getter for depLabel - gets
175	Registers an event ID .
176	Adds a constant long or double .
177	Initialize the decision tree lookup table .
178	Evaluates the given reader .
179	Writes a value to a StringWriter .
180	Returns true if boxA is contained in boxB .
181	Migrate generic transport .
182	Analyzes the configuration and creates nested tables .
183	Create a custom response handler .
184	Gets the value of the objektKategorie2 property .
185	Check if groupID is valid .
186	Try to map an observable to a value using the given mapper .
187	New body input stream .
188	Called when a timer is retried .
189	Sets the message headers .
190	Write a data page .
191	Gets the name of the field setter .
192	Parses a response .
193	Gets the resource as stream .
194	Export data to a hash map .
195	Renders the view .
196	Saves the persistence provider adaptor for a specific deployment unit .
197	Remove a property from the vertex
198	Gets the request URL .
199	Returns the multi type data for a single character .
200	Converts a string into a value according to the given schema .
201	Returns a set of locators for this slot .
202	Adds the given mappings to this map .
203	Add a constant or invoke dynamic reference .
204	Add cache dependencies .
205	Insert a list of objects .
206	Returns all prime factors of the given integer .
207	Add a new listener .
208	Schedules a periodic pruning .
209	Set the count .
210	Sets the Netcdf file .
211	Attaches a timer .
212	Verify and create temporary tables .
213	Pop the run as identity from the given SecurityContext .
214	Converts a column name to a column name .
215	Removes comments from a line .
216	Creates an inheritance link between two classes .
217	Get the list of supported codecs .
218	Converts this object to HELM2 format .
219	Create a binary search for the given list .
220	Creates the entry map .
221	Prints the usage for the given command .
222	Clear the grid
223	URL encodes a prefix .
224	Computes the length of a point vector
225	Validates a target object .
226	Convert absolute path to relative path .
227	Encode a P frame .
228	Deletes a global attribute .
229	Creates a recovery plan .
230	Replies the component view .
231	Parses the given input source and returns the root Element .
232	Returns a new instance of PnSignalingParams with default values .
233	Gets the azimuths for this calibration .
234	Finds all data from a bucket .
235	Returns an iterator over the system names .
236	Processes a decora tag .
237	Extracts the bundle - symbolic name from a jar file .
238	Get the host URL .
239	Change state to write mode .
240	Deletes all bundle files .
241	Puts a value into the page context .
242	Serialize the object .
243	Creates a processor with the specified capacity .
244	Find coordinate transform by name .
245	Enlarges the map .
246	Check if the classloader has the same version of cglib .
247	Executes a DELETE request .
248	Joins a list of Strings .
249	block until work is available
