0	Returns the effective converter map .
1	Adds a Stagger to the array .
2	Deserialize offset map .
3	Add a packet interceptor .
4	Returns the number of characters needed to represent the given decimal value .
5	Checks if the given counter id is active .
6	Check if the passed column ID is contained in the passed column set .
7	Gets the clusters owned by a server .
8	Merge sort .
9	Starts the video driver .
10	Invalidates all entries matching the given predicate .
11	Attach a timer .
12	Allocates the character buffer .
13	Write a NetCDF dataset to an XML file .
14	Returns the ActivityContextInterface associated with the given activity object .
15	Get the prefix of a fully qualified name .
16	Check if a string is inside another string
17	Get HEAD request .
18	Gets the default values for a schema
19	Add transformations to the description .
20	Perform a derivative operation on each variable
21	Validates the picture .
22	Initialize this servlet once .
23	Delete permission .
24	Converts the specified text to the specified format .
25	Extract the validator meta - data for the given property .
26	Extracts a value from a node .
27	Returns the child class of the given instance .
28	Write bytes .
29	Add a query parameter .
30	Draw a tile
31	Clean up resources .
32	Checks if the class name is a system class .
33	Convert type .
34	Gets the package name of an object .
35	Add a parameter template .
36	Returns the SbbUsageParameterSet for the specified SbbEntity .
37	Convert to extra meta data .
38	Get more bytes .
39	Loads the data from the file .
40	Add a profile to be enabled .
41	Returns the set of all vertices that are connected to the given vertex .
42	Removes an element from the queue .
43	Skip any whitespace at the current position .
44	Parse int from buffer .
45	Copies the state from one state to another .
46	Sets the feature styles .
47	setter for id - sets
48	Get Job Status
49	Returns an empty TreeMap .
50	Returns the given token as a JSON object .
51	Sets the component ID as text .
52	Convert a data root to a data root .
53	The version control command .
54	Checks to see if the dataset contains cohorts .
55	Checks if a stream exists .
56	Register the Madvoc WebApp components .
57	Create a URL stream handler for the specified protocol .
58	Sends the content to the output stream .
59	Read a double value from the byte array .
60	Check the dependencies of a component .
61	Get a configuration object from the service path .
62	Get nodes with specific status
63	Execute the OCommand .
64	Invokes the given method on the given proxy object .
65	set footer of sheet configuration
66	Convert an array type .
67	emit a field instruction
68	Adds a new vertex to the graph .
69	Checks if the given name is empty .
70	Checks if the given interceptor class has scope annotation .
71	Gets the index of the specified key .
72	Returns a response logging filter that logs responses to the specified output stream .
73	Deserialize from file
74	Populate a GeometryMetadata object
75	Convert value to single element collection .
76	Commits the last committed offset .
77	Do additional read .
78	Fire the add or updated event if needed
79	Find the index of the given value in the stream .
80	Pushes a variable reference to the current value stack .
81	Adds a constant name and type to the constant pool .
82	Reads the top NEXRAD product header .
83	Decodes a base58 encoded string .
84	Returns the LDAP principal .
85	Generate token string
86	Returns an array of strings delimited by the given delimiter
87	Creates a forward path from the given path .
88	Sets the value of the zimmertyp property .
89	Creates a new locator
90	Gets the stack trace of a thread .
91	Get the current build timestamp
92	Creates a new bean instance .
93	Merges two sets .
94	Read parameters .
95	Get a transaction graph
96	Invokes the tag plugin .
97	Writes the given input stream to the given output stream .
98	Sets the presence .
99	Sets the value of a cell to a number .
100	Cache result set entities .
101	Calculates the number of columns .
102	Parse remote IP .
103	Ensure that the working directory exists .
104	Returns true if this node has the given edge .
105	Adds a property injection point .
106	Compute the size of the hash table .
107	Add a join to the parent table .
108	Returns the activeMQ server name .
109	Creates the array properties .
110	Get the coordinate type .
111	Convert url safe key to key .
112	convert member info
113	Convert a boolean boolean value into a MultiTypeData object .
114	Lookup action path by alias .
115	Applies the default frame header .
116	Returns all values for the given name .
117	Handle an element event .
118	Extracts the meta tags from the given document fragment .
119	Gets a transactional queue .
120	Gets the value of the valuelist property .
121	Restore all tables from CSV .
122	getter for occurrences - gets
123	Write a number as a JSON string .
124	Free a state .
125	Calculates the total number of elements in this symbol .
126	Gets the group names .
127	method to get the polymer and group ids
128	Finds the next occurrence of a separator in a string .
129	Checks if a list of cluster members have voted at a given position .
130	Details error message .
131	Resolve an external system .
132	Iterate over all beans of the given type .
133	Query for features within the bounding box
134	Adds all elements from the given JsonArray to this JsonArray .
135	Get fact sheets
136	Lookup a node by name .
137	Sets the value of the errdwaerme property .
138	Determine the vocab from the mixin source .
139	Gets the default icon reference .
140	Adds a new condition factor .
141	Gets the size of a file .
142	Get a list of transactions from an address .
143	Checks if the given class or interface implements the given interface .
144	Post parse steps .
145	Check if the pipeline configuration needs to be upgraded .
146	sweep all events in queue
147	Attaches the context to the request .
148	Extracts the primary key from an object
149	Remove a property change listener .
150	Skips the specified number of bytes .
151	Converts a POI cell .
152	Rounds a number up to a power of 2 .
153	Registers a resource adapter deployment .
154	Returns true if there are more characters .
155	Returns the variable with the given name and value .
156	Recursively build the tree .
157	Converts a string into an object .
158	Initialize the list .
159	Puts a column
160	Adds a throwable .
161	Gets the value of the vermarktungsart property .
162	Create a new resource change handler .
163	Returns a RegExpAndDurationTimeCoverageEnhancer for the specified match pattern and duration .
164	Get a data iterator for a station .
165	Finds all files in the directory .
166	Checks if changes are filled up .
167	Concatenate a sequence of tuples into a single sequence .
168	Sends the WebSocket handshake .
169	Sets the fetch plan .
170	Sets the value of the city property .
171	Adds all attributes from the given iterable to this model .
172	Get a resource as a stream
173	Replaces all occurrences of a string with another string .
174	getter for depLabel - gets
175	Registers an event ID .
176	Adds a constant long or double .
177	Initialize the lookup table .
178	Evaluate the expression with the given source name .
179	Writes a single line .
180	Returns true if boxA is contained inside boxB .
181	Migrate the generic transport .
182	Analyze the dataset
183	Create a custom response handler .
184	Gets the objektKategorie2 .
185	Check the group ID .
186	Tries to apply a mapper function to an ObservableSource using the provided mapper function .
187	Creates an input stream for the given snapshot .
188	Calls the specified timer s retry timeout .
189	Sets the headers .
190	Writes a single data page .
191	Gets the field setter .
192	Parse the response .
193	Gets a resource as a stream .
194	Exports the queue and playback modes .
195	Renders the view .
196	Saves the persistence provider adaptor for the given deployment unit .
197	Removes a property .
198	Gets the request URL .
199	Returns the MultiTypeData for the given character .
200	Convert a string to a value of the given schema
201	Returns the set of locators for this record .
202	Adds all the mappings from the specified map to this map .
203	Adds a static constant or invoke dynamic reference .
204	Add cache dependencies .
205	Bulk documents .
206	Returns the prime factors of pn .
207	Add a listener to a target .
208	Schedule pruning .
209	Sets the count .
210	Set the NetCDF file .
211	Attaches a timer to the cache .
212	Verify and create temporary tables
213	Pop the RunAs identity from the SecurityContext .
214	Converts a column name to a column name .
215	Consumes comments .
216	Creates an inheritance link .
217	Returns a list of supported codecs .
218	Returns the HELM 2 format string
219	Creates a new binary search for the specified list .
220	Create the cache .
221	Prints the usage for the given command .
222	clear all cells
223	Uencode a path .
224	Transform an array of points .
225	Validates the given target .
226	Convert absolute path to relative path .
227	Encode P frame .
228	Deletes a global attribute .
229	Creates a recovery plan .
230	Gets the component view .
231	Parse the given input source into an Element .
232	Returns a new instance with default parameters .
233	Returns the azimuth in degrees of interest
234	Find all data from the given bucket .
235	Returns the names of the system properties .
236	On decora tag .
237	Extracts the bundle - SymbolicName from a jar .
238	Returns the host URL .
239	change state to write
240	Resets the bundle .
241	Sets the value of an attribute .
242	Write the given object to the stream .
243	Creates a processor with the specified capacity .
244	Find a coordinate transform by name .
245	Enlarges the map .
246	Checks if the classloader has the same version of cglib
247	Performs a DELETE on the given URI .
248	Join a list of strings .
249	Await work on the given work queue .
