0	Gets the effective converter map .
1	Helper method to add a segment to an array
2	Deserialize offset map .
3	Adds a new packet interceptor .
4	Calculates the number of characters needed to represent the given integer value and scale .
5	Checks if the given counter is active .
6	Check if the passed column is part of the passed column set .
7	Get all clusters owned by the specified server .
8	Merge sort .
9	Start the application .
10	Invalidates all cached entries that match the given predicate .
11	Attach a timer .
12	Allocate a char buffer
13	Writes XML to output stream
14	Returns the ActivityContextInterface for the given activity .
15	Returns the prefix of the fqn .
16	Check if the specified string is inside of the given string .
17	Start building a HEAD request
18	Get default values from schema
19	Add transformations to the builder .
20	Perform diff operation
21	Validates the given media picture .
22	Init method .
23	Deletes a permission
24	Convert the Spanned text to RTree
25	Extracts the validator meta data .
26	Pull an attribute from a node .
27	Get the class of the given object .
28	Writes an array of bytes .
29	Adds a query parameter .
30	Draw a tile
31	Closes the connector .
32	Returns true if the given name is a system class .
33	Converts the given value to the target type .
34	Gets the package name for the given object .
35	Adds a parameterized template .
36	Get the service usage parameter set .
37	Convert the thrift object to an extra - data map .
38	Reads more bytes .
39	Loads the data .
40	Configure a profile .
41	Gets the list of all the incoming edges of a vertex .
42	Retrieves the next element from the queue .
43	Skip whitespace characters .
44	Parse an int from a buffer .
45	Copy ins from old to new state
46	Sets the style for the feature table
47	setter for id - sets
48	Gets the status of a job .
49	Returns an empty persistent tree map .
50	Convert the auth token into a Json object .
51	Sets the component ID .
52	Converts a DataRootExt into a DataRoot
53	Request version control .
54	Determine whether the given dataset has enough buckets .
55	Checks if the stream exists .
56	Register madvoc components .
57	Returns the URL stream handler for the given protocol .
58	Sends the content to the output stream .
59	Read a double value from the byte array .
60	Checks dependencies of a component .
61	Get the configuration for the given service .
62	Get the number of nodes with the given status .
63	Execute the command .
64	Invoke the specified method on the specified proxy object .
65	Sets footer of sheet configuration .
66	Convert a list type to an array type .
67	Generate a field instruction .
68	Adds a new vertex to the graph .
69	Returns true if the given name is empty .
70	Returns true if the given interceptor has a scope annotation .
71	Gets the index of the specified key in the map .
72	Constructs a filter that will log the response to the given output stream .
73	Deserialize from File
74	Populate geometry metadata .
75	Converts the given value to a single element collection .
76	Commits an offset .
77	Perform additional read .
78	Fires an add or updated event if the profile object is not changed .
79	Find the index of the first occurrence of the given value .
80	Pushes a variable reference .
81	Adds a new constant pool entry to the constant pool .
82	Read the top level information .
83	Decodes a base58 string .
84	Gets the principal .
85	Generate a new token string .
86	Gets an array of strings from a delimited string .
87	Creates a forward forward path .
88	Sets the value of the zimmer property .
89	Returns a new locator for the specified resource URL and label .
90	Gets the stack trace .
91	Pick up the build date from the Docker project .
92	Creates new bean instance .
93	Merges two sets .
94	Read parameters .
95	Get a transaction graph
96	Invokes a custom tag handler .
97	Write input stream to output stream .
98	Sets whether the component is present or not .
99	Sets cell value .
100	Cache the entities in the given array .
101	Calculates the maximum number of controls .
102	Parse the remote IP address .
103	Create working directory .
104	Returns true if the given edge is in this graph .
105	Adds a property injection point .
106	Calculates the size of a hash table .
107	Recursively add the join data to the parent
108	Get activeMQ server name .
109	Create array properties .
110	Get the coordinate type .
111	From url safe key .
112	Recursively convert all members of the structure to the structure members
113	Gets the MultiTypeData for a boolean value .
114	Look up a path alias .
115	Applies the default header .
116	Returns all values matching the specified name .
117	Handle the entity change .
118	Extracts the meta tags .
119	Wraps a Queue .
120	Gets the value of the valuelist property .
121	Restores all tables from CSV .
122	getter for occurrences - gets
123	Write a JSON integer
124	Release a state .
125	Calculates the size of the element .
126	Get the list of group names
127	method to get all polymer and group ids
128	Find the next separator .
129	Checks if the cluster is reachable position .
130	Build error message .
131	Resolves an external system .
132	Iterates over all beans of a given type .
133	Query by the bounding box
134	Adds all elements of the given JsonArray to this array .
135	Get a list of FactSheets .
136	Look up a node in the cache .
137	Sets the value of the erdwame property .
138	Determine the vocab for the given mixin .
139	Gets the default icon ref .
140	Adds a new condition factor .
141	Gets the size of the file .
142	Gets a list of transactions for an address .
143	Checks if a class or interface with the given interface is found .
144	Post parse steps .
145	Performs the upgrade if needed .
146	This method skips all queued events .
147	Associates this request with the given http request and response .
148	Extract the primary key from the given object .
149	Remove a property change listener
150	Skips the specified number of bytes .
151	Convert a poi cell to a POI cell .
152	Round up to 2 .
153	Registers a resource adapter deployment
154	Checks if there are more characters .
155	Find a variable in a structure .
156	Recursive tree .
157	Converts the given text value to an object of the given typeName .
158	Initialize this message .
159	Puts a column into this matrix
160	Adds a throwable to the list .
161	Gets the value of the vermarktungt .
162	Create a new resource change handler .
163	Create a RegExpand to match on a dataset path
164	Returns a data iterator for a station .
165	Finds all files in the directory .
166	Checks if changes are filled up to the given page index .
167	Create a new Flowable by applying a function to each element of the elements in the sequence .
168	Send the handshake .
169	Sets the fetch plan .
170	Sets the value of the city property .
171	Adds all attributes .
172	Get a resource as a stream .
173	Replaces all occurrences of characters in a string with the given character .
174	getter for depLabel - gets
175	Registers an event ID .
176	Adds a new entry to the constant pool .
177	Initializes the lookup table for the decision trees .
178	Evaluates the source .
179	Write a field to a StringWriter .
180	Returns true if boxA is contained inside boxA .
181	Migrate generic transport .
182	Analyzes the structure set and creates the leaf tables
183	Create a custom response handler .
184	Gets the value of the objectKategorie property .
185	Checks whether the given string is a valid group ID .
186	Performs a scalar scan on an Observable using the provided function .
187	New input stream .
188	Called when a timer expires .
189	Sets the headers .
190	Write a single data page .
191	Gets the pojo setter .
192	Parses the response .
193	Loads a resource as a stream .
194	Exports the configuration .
195	Render the specified view .
196	Saves a PersistenceProviderAdaptor in the deployment unit .
197	Remove a property .
198	Returns the full request path .
199	Creates a new MultiTypeData object for the given character .
200	Creates a value from the given schema .
201	Gets the locators for a record .
202	Adds all mappings to the specified map .
203	Adds a static reference .
204	Adds cache dependencies to all event listeners .
205	Bulk insert operation .
206	Get the distinct prime factors .
207	Adds a listener to the list of listeners .
208	Schedules the pruning .
209	set the count
210	Set the ncfdf file .
211	Attach a timer to the cache .
212	Verify temporary tables .
213	Pop the runAs identity from the security context .
214	Converts a column name to a column name .
215	Consumes a comment token .
216	Creates an inheritance link .
217	Gets the supported codecs .
218	Returns the HELM document for HELM 2 .
219	Creates a binary search for the given list .
220	Creates new instance .
221	Prints usage for a given command .
222	Clears the grid
223	Unescapes a prefix .
224	Transforms a point .
225	Validates the given target object .
226	Convert absolute path to relative path .
227	Encode a P frame
228	Delete a global attribute .
229	Create a recovery plan .
230	Gets the component view .
231	Parse the given input source into an XML element .
232	Returns default instance of PnSignals .
233	Returns an array of the azimuths .
234	Finds all available data from the given bucket .
235	Returns an iterator over all available properties .
236	On decora tag .
237	Extracts the symbolic name from a jar file .
238	Get the host url .
239	Enables write mode .
240	Reset the stapler .
241	set an attribute value
242	Writes the given object to the given stream .
243	Creates a new reusable processor .
244	Find a coordinate transform by its name .
245	Increases the size of the map .
246	Checks if the class loader has the same version .
247	Perform a DELETE request .
248	Join a list of strings .
249	Awaits for a work queue .
